<?xml version="1.0" encoding="UTF-8"?>
<testng-results ignored="0" total="2" passed="2" failed="0" skipped="0">
  <reporter-output>
  </reporter-output>
  <suite started-at="2026-05-16T21:24:47 IST" name="Default suite" finished-at="2026-05-16T21:24:51 IST" duration-ms="3897">
    <groups>
    </groups>
    <test started-at="2026-05-16T21:24:47 IST" name="Default test" finished-at="2026-05-16T21:24:51 IST" duration-ms="3897">
      <class name="tests.testOnLocalAPI">
        <test-method signature="delete()[pri:0, instance:tests.testOnLocalAPI@7f3b84b8]" started-at="2026-05-16T21:24:47 IST" name="delete" finished-at="2026-05-16T21:24:51 IST" duration-ms="3706" status="PASS">
          <reporter-output>
          </reporter-output>
        </test-method> <!-- delete -->
        <test-method signature="get()[pri:0, instance:tests.testOnLocalAPI@7f3b84b8]" started-at="2026-05-16T21:24:51 IST" name="get" finished-at="2026-05-16T21:24:51 IST" duration-ms="69" status="PASS">
          <reporter-output>
          </reporter-output>
        </test-method> <!-- get -->
      </class> <!-- tests.testOnLocalAPI -->
    </test> <!-- Default test -->
  </suite> <!-- Default suite -->
</testng-results>
