<?xml version="1.0" encoding="UTF-8"?>
<!-- Generated by org.testng.reporters.JUnitReportReporter -->
<testsuite hostname="DESKTOP-90P13E2" failures="0" tests="3" name="tests.PutPatchDeleteExamples" time="5.444" errors="0" timestamp="2026-05-15T14:05:28 IST" skipped="0">
  <testcase classname="tests.PutPatchDeleteExamples" name="TestPut" time="4.355"/>
  <testcase classname="tests.PutPatchDeleteExamples" name="testDelete" time="0.545"/>
  <testcase classname="tests.PutPatchDeleteExamples" name="testPatch" time="0.544"/>
</testsuite> <!-- tests.PutPatchDeleteExamples -->
